Added Component: Designator=C1(CAPACITOR 0805)
Added Component: Designator=C2(CAPACITOR 0805)
Added Component: Designator=C3(CAPACITOR 0805)
Added Component: Designator=C4(CAPACITOR 0805)
Added Component: Designator=C5(D4.15)
Added Component: Designator=C6(CAPACITOR 0805)
Added Component: Designator=C7(CAPACITOR 0805)
Added Component: Designator=C8(CAPACITOR 0805)
Added Component: Designator=C9(CAPACITOR 0805)
Added Component: Designator=C10(CAPACITOR 0805)
Added Component: Designator=P1(15EDGRC-3.5-05p)
Added Component: Designator=P2(15EDGRC-3.5-02P)
Added Component: Designator=R1(Resistor 0805)
Added Component: Designator=R2(Resistor 0805)
Added Component: Designator=R3(Resistor 0805)
Added Component: Designator=R4(Resistor 0805)
Added Component: Designator=R5(Resistor 0805)
Added Component: Designator=R6(Resistor 0805)
Added Component: Designator=R7(Resistor 0805)
Added Component: Designator=U1(TD03B_N)
Added Component: Designator=U2(STM-LQFP64_N)
Added Component: Designator=X1(DG301-5.0-02P)
Added Component: Designator=X2(DG301-5.0-02P)
Added Component: Designator=X3(DG301-5.0-02P)
Added Component: Designator=X4(PLS-6-3D)
Added Component: Designator=X5(DG301-5.0-02P)
Added Pin To Net: NetName=GND Pin=C1-2
Added Pin To Net: NetName=GND Pin=C2-2
Added Pin To Net: NetName=GND Pin=C3-2
Added Pin To Net: NetName=VCC Pin=C5-1
Added Pin To Net: NetName=GND Pin=C5-2
Added Pin To Net: NetName=GND Pin=C7-1
Added Pin To Net: NetName=VCC Pin=C7-2
Added Pin To Net: NetName=VCC Pin=C8-2
Added Pin To Net: NetName=GND Pin=C9-1
Added Pin To Net: NetName=RESET Pin=C9-2
Added Pin To Net: NetName=VCC Pin=C10-1
Added Pin To Net: NetName=GND Pin=P2-1
Added Pin To Net: NetName=VCC Pin=R1-1
Added Pin To Net: NetName=VCC Pin=R2-1
Added Pin To Net: NetName=VCC Pin=R3-1
Added Pin To Net: NetName=VCC Pin=R4-2
Added Pin To Net: NetName=GND Pin=R6-2
Added Pin To Net: NetName=RESET Pin=R7-1
Added Pin To Net: NetName=VCC Pin=R7-2
Added Pin To Net: NetName=VCC Pin=U1-4
Added Pin To Net: NetName=RESET Pin=U2-7
Added Pin To Net: NetName=GND Pin=U2-12
Added Pin To Net: NetName=VCC Pin=U2-13
Added Pin To Net: NetName=GND Pin=U2-18
Added Pin To Net: NetName=VCC Pin=U2-19
Added Pin To Net: NetName=GND Pin=U2-31
Added Pin To Net: NetName=VCC Pin=U2-32
Added Pin To Net: NetName=GND Pin=U2-47
Added Pin To Net: NetName=VCC Pin=U2-48
Added Pin To Net: NetName=JTMS Pin=U2-49
Added Pin To Net: NetName=JTCK Pin=U2-50
Added Pin To Net: NetName=GND Pin=U2-63
Added Pin To Net: NetName=VCC Pin=U2-64
Added Pin To Net: NetName=GND Pin=X1-1
Added Pin To Net: NetName=GND Pin=X2-1
Added Pin To Net: NetName=GND Pin=X3-1
Added Pin To Net: NetName=VCC Pin=X4-1
Added Pin To Net: NetName=JTCK Pin=X4-2
Added Pin To Net: NetName=GND Pin=X4-3
Added Pin To Net: NetName=JTMS Pin=X4-4
Added Pin To Net: NetName=RESET Pin=X4-5
Added Pin To Net: NetName=3.3 V Pin=C4-2
Added Pin To Net: NetName=3.3 V Pin=U1-3
Added Pin To Net: NetName=3.3 V Pin=X5-2
Added Net: Name=3.3 V
Added Pin To Net: NetName=ADC1 Pin=C1-1
Added Pin To Net: NetName=ADC1 Pin=R1-2
Added Pin To Net: NetName=ADC1 Pin=U2-15
Added Pin To Net: NetName=ADC1 Pin=X1-2
Added Net: Name=ADC1
Added Pin To Net: NetName=ADC2 Pin=C2-1
Added Pin To Net: NetName=ADC2 Pin=R2-2
Added Pin To Net: NetName=ADC2 Pin=U2-16
Added Pin To Net: NetName=ADC2 Pin=X2-2
Added Net: Name=ADC2
Added Pin To Net: NetName=ADC3 Pin=C3-1
Added Pin To Net: NetName=ADC3 Pin=R3-2
Added Pin To Net: NetName=ADC3 Pin=U2-17
Added Pin To Net: NetName=ADC3 Pin=X3-2
Added Net: Name=ADC3
Added Pin To Net: NetName=NetC4_1 Pin=C4-1
Added Pin To Net: NetName=NetC4_1 Pin=C6-1
Added Pin To Net: NetName=NetC4_1 Pin=C8-1
Added Pin To Net: NetName=NetC4_1 Pin=C10-2
Added Pin To Net: NetName=NetC4_1 Pin=R5-1
Added Pin To Net: NetName=NetC4_1 Pin=X5-1
Added Net: Name=NetC4_1
Added Pin To Net: NetName=NetC6_2 Pin=C6-2
Added Pin To Net: NetName=NetC6_2 Pin=R4-1
Added Pin To Net: NetName=NetC6_2 Pin=R5-2
Added Pin To Net: NetName=NetC6_2 Pin=U1-1
Added Net: Name=NetC6_2
Added Pin To Net: NetName=NetR6_1 Pin=R6-1
Added Pin To Net: NetName=NetR6_1 Pin=U2-60
Added Net: Name=NetR6_1
Added Pin To Net: NetName=RES Pin=P1-1
Added Pin To Net: NetName=RES Pin=U2-41
Added Net: Name=RES
Added Pin To Net: NetName=SPI_MISO Pin=P1-3
Added Pin To Net: NetName=SPI_MISO Pin=U2-22
Added Net: Name=SPI_MISO
Added Pin To Net: NetName=SPI_MOSI Pin=P1-2
Added Pin To Net: NetName=SPI_MOSI Pin=U2-23
Added Net: Name=SPI_MOSI
Added Pin To Net: NetName=SPI_NSS Pin=P1-5
Added Pin To Net: NetName=SPI_NSS Pin=U2-20
Added Net: Name=SPI_NSS
Added Pin To Net: NetName=SPI_SCK Pin=P1-4
Added Pin To Net: NetName=SPI_SCK Pin=U2-21
Added Net: Name=SPI_SCK
Change Class Name : Old Net Name=Revers New Net Name=NASA
Added Member To Class: ClassName=NASA Member=Component C1 0.1 uF
Added Member To Class: ClassName=NASA Member=Component C2 0.1 uF
Added Member To Class: ClassName=NASA Member=Component C3 0.1 uF
Added Member To Class: ClassName=NASA Member=Component C4 10 uF
Added Member To Class: ClassName=NASA Member=Component C5 100 uF
Added Member To Class: ClassName=NASA Member=Component C6 10 nF
Added Member To Class: ClassName=NASA Member=Component C7 10 nF
Added Member To Class: ClassName=NASA Member=Component C8 22 uF
Added Member To Class: ClassName=NASA Member=Component C9 0.1 uF
Added Member To Class: ClassName=NASA Member=Component C10 0,1 uF
Added Member To Class: ClassName=NASA Member=Component P1 
Added Member To Class: ClassName=NASA Member=Component P2 
Added Member To Class: ClassName=NASA Member=Component R1 1 k
Added Member To Class: ClassName=NASA Member=Component R2 1 k
Added Member To Class: ClassName=NASA Member=Component R3 1 k
Added Member To Class: ClassName=NASA Member=Component R4 442Om
Added Member To Class: ClassName=NASA Member=Component R5 10K
Added Member To Class: ClassName=NASA Member=Component R6 100 K
Added Member To Class: ClassName=NASA Member=Component R7 10 K
Added Member To Class: ClassName=NASA Member=Component U1 LM1117DTX-1.8
Added Member To Class: ClassName=NASA Member=Component U2 STM32L100R8T6
Added Member To Class: ClassName=NASA Member=Component X1 
Added Member To Class: ClassName=NASA Member=Component X2 
Added Member To Class: ClassName=NASA Member=Component X3 
Added Member To Class: ClassName=NASA Member=Component X4 ZL201-06G
Added Member To Class: ClassName=NASA Member=Component X5 DG301-5.0-03P
Added Room: Name=NASA
